<?xml version="1.0" encoding="UTF-8"?>
<!-- Generated by org.testng.reporters.JUnitReportReporter -->
<testsuite hostname="Guru" failures="0" tests="3" name="com.main.base.Test_Cases" time="25.167" errors="0" timestamp="2023-11-30T18:23:12 IST" skipped="1">
  <testcase classname="com.main.base.Test_Cases" name="login" time="8.128"/>
  <testcase classname="com.main.base.Test_Cases" name="getCheatSheet" time="17.039"/>
  <testcase classname="com.main.base.Test_Cases" name="loginTest">
    <skipped/>
  </testcase> <!-- loginTest -->
</testsuite> <!-- com.main.base.Test_Cases -->
