<?xml version="1.0" encoding="UTF-8"?>
<!-- Generated by org.testng.reporters.JUnitReportReporter -->
<testsuite hostname="Guru" failures="0" tests="2" name="testngPackage.Annotation_group" time="1.528" errors="0" timestamp="2023-10-28T20:51:41 IST" skipped="0">
  <testcase classname="testngPackage.Annotation_group" name="openBrowser" time="0.015"/>
  <testcase classname="testngPackage.Annotation_group" name="openURL" time="1.513"/>
</testsuite> <!-- testngPackage.Annotation_group -->
