<?xml version="1.0" encoding="UTF-8"?>
<!-- Generated by org.testng.reporters.JUnitReportReporter -->
<testsuite hostname="Guru" failures="0" tests="4" name="testngPackage.testNG_Anot_Attr" time="1.028" errors="1" timestamp="2023-10-28T19:42:26 IST" skipped="1">
  <testcase classname="testngPackage.testNG_Anot_Attr" name="openBrowser" time="0.013"/>
  <testcase classname="testngPackage.testNG_Anot_Attr" name="openURL" time="1.013">
    <error message="Method testngPackage.testNG_Anot_Attr.openURL() didn&#039;t finish within the time-out 1000" type="org.testng.internal.thread.ThreadTimeoutException">
      <![CDATA[org.testng.internal.thread.ThreadTimeoutException: Method testngPackage.testNG_Anot_Attr.openURL() didn't finish within the time-out 1000
at java.base/java.lang.Thread.sleep0(Native Method)
at java.base/java.lang.Thread.sleep(Thread.java:484)
at testngPackage.testNG_Anot_Attr.openURL(testNG_Anot_Attr.java:15)
at java.base/jdk.internal.reflect.DirectMethodHandleAccessor.invoke(DirectMethodHandleAccessor.java:104)
at java.base/java.lang.reflect.Method.invoke(Method.java:578)
at org.testng.internal.invokers.MethodInvocationHelper.invokeMethod(MethodInvocationHelper.java:139)
at org.testng.internal.invokers.InvokeMethodRunnable.runOne(InvokeMethodRunnable.java:47)
at org.testng.internal.invokers.InvokeMethodRunnable.call(InvokeMethodRunnable.java:76)
at org.testng.internal.invokers.InvokeMethodRunnable.call(InvokeMethodRunnable.java:11)
at java.base/java.util.concurrent.FutureTask.run(FutureTask.java:317)
at java.base/java.util.concurrent.ThreadPoolExecutor.runWorker(ThreadPoolExecutor.java:1144)
at java.base/java.util.concurrent.ThreadPoolExecutor$Worker.run(ThreadPoolExecutor.java:642)
at java.base/java.lang.Thread.run(Thread.java:1623)
]]>
    </error>
  </testcase> <!-- openURL -->
  <testcase classname="testngPackage.testNG_Anot_Attr" name="login" time="0.002"/>
  <testcase classname="testngPackage.testNG_Anot_Attr" name="homePage" time="0.000">
    <skipped/>
  </testcase> <!-- homePage -->
</testsuite> <!-- testngPackage.testNG_Anot_Attr -->
