<?xml version="1.0" encoding="UTF-8"?>
<!-- Generated by org.testng.reporters.JUnitReportReporter -->
<testsuite hostname="Guru" failures="0" tests="4" name="testngPackage.Xcel_Class1" time="0.027" errors="0" timestamp="2023-11-13T23:05:53 IST" skipped="0">
  <testcase classname="testngPackage.Xcel_Class1" name="m1" time="0.003"/>
  <testcase classname="testngPackage.Xcel_Class1" name="m1" time="0.019"/>
  <testcase classname="testngPackage.Xcel_Class1" name="m1" time="0.003"/>
  <testcase classname="testngPackage.Xcel_Class1" name="m1" time="0.002"/>
</testsuite> <!-- testngPackage.Xcel_Class1 -->
