<?xml version="1.0" encoding="UTF-8"?>
<!-- Generated by org.testng.reporters.JUnitReportReporter -->
<testsuite hostname="Guru" failures="0" tests="2" name="testngPackage.HandleCalender" time="17.202" errors="0" timestamp="2023-10-30T17:07:25 IST" skipped="0">
  <testcase classname="testngPackage.HandleCalender" name="openFirefox" time="13.749"/>
  <testcase classname="testngPackage.HandleCalender" name="openCrome" time="3.453"/>
</testsuite> <!-- testngPackage.HandleCalender -->
