<?xml version="1.0" encoding="UTF-8"?>
<!-- Generated by org.testng.reporters.JUnitReportReporter -->
<testsuite hostname="Guru" failures="0" tests="4" name="testngPackage.ParametersDemo" time="0.013" errors="0" timestamp="2023-10-30T16:17:01 IST" skipped="0">
  <testcase classname="testngPackage.ParametersDemo" name="printName" time="0.007"/>
  <testcase classname="testngPackage.ParametersDemo" name="age" time="0.003"/>
  <testcase classname="testngPackage.ParametersDemo" name="location" time="0.002"/>
  <testcase classname="testngPackage.ParametersDemo" name="sum" time="0.001"/>
</testsuite> <!-- testngPackage.ParametersDemo -->
