<?xml version="1.0" encoding="UTF-8"?>
<!-- Generated by org.testng.reporters.JUnitReportReporter -->
<testsuite hostname="Guru" failures="0" tests="2" name="testngPackage.DataProviderClass" time="0.006" errors="0" timestamp="2023-10-30T16:56:18 IST" skipped="0">
  <testcase classname="testngPackage.DataProviderClass" name="country_code" time="0.006"/>
  <testcase classname="testngPackage.DataProviderClass" name="country_code" time="0.000"/>
</testsuite> <!-- testngPackage.DataProviderClass -->
