<?xml version="1.0" encoding="UTF-8"?>
<!-- Generated by org.testng.reporters.JUnitReportReporter -->
<testsuite hostname="Guru" failures="0" tests="3" name="com.shortProj.dataProviders.dataProviderClass" time="0.014" errors="0" timestamp="2023-11-09T05:48:17 IST" skipped="0">
  <testcase classname="com.shortProj.dataProviders.dataProviderClass" name="loginTest" time="0.002"/>
  <testcase classname="com.shortProj.dataProviders.dataProviderClass" name="loginTest" time="0.011"/>
  <testcase classname="com.shortProj.dataProviders.dataProviderClass" name="loginTest" time="0.001"/>
</testsuite> <!-- com.shortProj.dataProviders.dataProviderClass -->
