<?xml version="1.0" encoding="UTF-8"?>
<!-- Generated by org.testng.reporters.JUnitReportReporter -->
<testsuite hostname="Guru" failures="0" tests="2" name="testNG_module1.Before_Class" time="0.010" errors="0" timestamp="2023-11-09T05:17:21 IST" skipped="0">
  <testcase classname="testNG_module1.Before_Class" name="TestCase2" time="0.001"/>
  <testcase classname="testNG_module1.Before_Class" name="TestCase1" time="0.009"/>
</testsuite> <!-- testNG_module1.Before_Class -->
