<?xml version="1.0" encoding="UTF-8"?>
<!-- Generated by org.testng.reporters.JUnitReportReporter -->
<testsuite hostname="Guru" failures="0" tests="2" name="testNG_module1_Part2.Before_Suite" time="0.012" errors="0" timestamp="2023-12-06T12:21:13 IST" skipped="0">
  <testcase classname="testNG_module1_Part2.Before_Suite" name="TestCase5" time="0.010"/>
  <testcase classname="testNG_module1_Part2.Before_Suite" name="TestCase6" time="0.002"/>
</testsuite> <!-- testNG_module1_Part2.Before_Suite -->
