<?xml version="1.0" encoding="UTF-8"?>
<!-- Generated by org.testng.reporters.JUnitReportReporter -->
<testsuite hostname="Guru" failures="0" tests="2" name="testNG_module1.Before_Test" time="0.003" errors="0" timestamp="2023-12-06T12:21:13 IST" skipped="0">
  <testcase classname="testNG_module1.Before_Test" name="TestCase4" time="0.002"/>
  <testcase classname="testNG_module1.Before_Test" name="TestCase3" time="0.001"/>
</testsuite> <!-- testNG_module1.Before_Test -->
