<?xml version="1.0" encoding="UTF-8"?>
<!-- Generated by org.testng.reporters.JUnitReportReporter -->
<testsuite hostname="Guru" failures="0" tests="2" name="testNG_module1.Before_Method" time="0.020" errors="0" timestamp="2023-11-09T01:41:51 IST" skipped="0">
  <testcase classname="testNG_module1.Before_Method" name="TestCase1" time="0.009"/>
  <testcase classname="testNG_module1.Before_Method" name="TestCase2" time="0.011"/>
</testsuite> <!-- testNG_module1.Before_Method -->
