<?xml version="1.0" encoding="UTF-8"?>
<!-- Generated by org.testng.reporters.JUnitReportReporter -->
<testsuite hostname="Guru" failures="0" tests="4" name="testNG_module1.TestNG_Framework" time="3.497" errors="0" timestamp="2023-10-24T22:17:06 IST" skipped="0">
  <testcase classname="testNG_module1.TestNG_Framework" name="c_password" time="0.101"/>
  <testcase classname="testNG_module1.TestNG_Framework" name="d_submit" time="2.376"/>
  <testcase classname="testNG_module1.TestNG_Framework" name="b_username" time="0.153"/>
  <testcase classname="testNG_module1.TestNG_Framework" name="e_logOut" time="0.867"/>
</testsuite> <!-- testNG_module1.TestNG_Framework -->
