<?xml version="1.0" encoding="UTF-8"?>
<!-- Generated by org.testng.reporters.JUnitReportReporter -->
<testsuite hostname="Guru" failures="0" tests="1" name="TestCases.AllTestCases" time="10.624" errors="0" timestamp="2023-12-10T19:21:10 IST" skipped="0">
  <testcase classname="TestCases.AllTestCases" name="loginCheckWithIncorrectCreds" time="10.624"/>
</testsuite> <!-- TestCases.AllTestCases -->
